c:\users\14168\source\repos\v_gameengine\v_gameengine\debug\vc142.pdb
c:\users\14168\source\repos\v_gameengine\v_gameengine\debug\vc142.idb
c:\users\14168\source\repos\v_gameengine\v_gameengine\debug\shape.obj
c:\users\14168\source\repos\v_gameengine\v_gameengine\debug\renderer.obj
c:\users\14168\source\repos\v_gameengine\v_gameengine\debug\game.obj
c:\users\14168\source\repos\v_gameengine\v_gameengine\debug\bullet.obj
c:\users\14168\source\repos\v_gameengine\v_gameengine\debug\asteroids.obj
c:\users\14168\source\repos\v_gameengine\v_gameengine\debug\glad.obj
c:\users\14168\source\repos\v_gameengine\v_gameengine\debug\stb.obj
c:\users\14168\source\repos\v_gameengine\v_gameengine\debug\shader.obj
c:\users\14168\source\repos\v_gameengine\v_gameengine\debug\main.obj
c:\users\14168\source\repos\v_gameengine\v_gameengine\debug\enemy.obj
c:\users\14168\source\repos\v_gameengine\v_gameengine\debug\endgame.obj
c:\users\14168\source\repos\v_gameengine\v_gameengine\debug\planet.obj
c:\users\14168\source\repos\v_gameengine\v_gameengine\debug\shiplives.obj
c:\users\14168\source\repos\v_gameengine\v_gameengine\debug\physics.obj
c:\users\14168\source\repos\v_gameengine\v_gameengine\debug\gamestate.obj
c:\users\14168\source\repos\v_gameengine\v_gameengine\debug\menugame.obj
c:\users\14168\source\repos\v_gameengine\debug\v_gameengine.exe
c:\users\14168\source\repos\v_gameengine\v_gameengine\debug\v_gameengine.ilk
c:\users\14168\source\repos\v_gameengine\debug\v_gameengine.pdb
c:\users\14168\source\repos\v_gameengine\v_gameengine\debug\satcollision.obj
c:\users\14168\source\repos\v_gameengine\v_gameengine\debug\stbi_image.obj
c:\users\14168\source\repos\v_gameengine\v_gameengine\debug\bullet.obj.enc
c:\users\14168\source\repos\v_gameengine\v_gameengine\debug\v_gameengine.tlog\cl.command.1.tlog
c:\users\14168\source\repos\v_gameengine\v_gameengine\debug\v_gameengine.tlog\cl.read.1.tlog
c:\users\14168\source\repos\v_gameengine\v_gameengine\debug\v_gameengine.tlog\cl.write.1.tlog
c:\users\14168\source\repos\v_gameengine\v_gameengine\debug\v_gameengine.tlog\link.command.1.tlog
c:\users\14168\source\repos\v_gameengine\v_gameengine\debug\v_gameengine.tlog\link.read.1.tlog
c:\users\14168\source\repos\v_gameengine\v_gameengine\debug\v_gameengine.tlog\link.write.1.tlog
